<?xml version="1.0" encoding="utf-8"?><testsuites name="pytest tests"><testsuite name="pytest" errors="0" failures="0" skipped="0" tests="16" time="42.866" timestamp="2026-07-27T03:39:30.809361+00:00" hostname="agent-env-e171436a-266c-451d-acfd-fa39cfd6f823"><testcase classname="tests.test_vizhi_backend.TestOllama" name="test_ollama_version" time="0.003" /><testcase classname="tests.test_vizhi_backend.TestOllama" name="test_ollama_model_loaded" time="0.002" /><testcase classname="tests.test_vizhi_backend.TestHealth" name="test_health" time="0.005" /><testcase classname="tests.test_vizhi_backend.TestPlanner" name="test_planner_status_codes" time="3.603" /><testcase classname="tests.test_vizhi_backend.TestPlanner" name="test_planner_first_call_time" time="0.703" /><testcase classname="tests.test_vizhi_backend.TestPlanner" name="test_planner_critical_routing" time="0.000" /><testcase classname="tests.test_vizhi_backend.TestPlanner" name="test_planner_overall_accuracy" time="0.000" /><testcase classname="tests.test_vizhi_backend.TestDetection" name="test_detect_returns_bbox_and_distance" time="0.254" /><testcase classname="tests.test_vizhi_backend.TestScene" name="test_scene_description" time="26.739" /><testcase classname="tests.test_vizhi_backend.TestStream" name="test_stream_analyze" time="0.763" /><testcase classname="tests.test_vizhi_backend.TestRegression" name="test_ocr" time="9.257" /><testcase classname="tests.test_vizhi_backend.TestRegression" name="test_tts_voices" time="0.146" /><testcase classname="tests.test_vizhi_backend.TestRegression" name="test_tts_generate" time="0.224" /><testcase classname="tests.test_vizhi_backend.TestRegression" name="test_emergency_trigger_and_cancel" time="0.003" /><testcase classname="tests.test_vizhi_backend.TestRegression" name="test_navigation" time="0.001" /><testcase classname="tests.test_vizhi_backend.TestRegression" name="test_assistant" time="1.014" /></testsuite></testsuites>